state 7 contains 1 shift/reduce conflicts


-------- Grammar --------

rule 1 document: element_list
rule 2 element_list: 
rule 3 element_list: element_list element
rule 4 element: header
rule 5 element: paragraph
rule 6 element: list
rule 7 header: "#" text
rule 8 header: "##" text
rule 9 header: "###" text
rule 10 paragraph: TEXT
rule 11 list: list_item
rule 12 list: list list_item
rule 13 list_item: "-" TEXT

------- Symbols -------

**Nonterminals, with rules where they appear

  $start (8)
    on right: 
    on left : 
  document (9)
    on right: 
    on left : 1
  element_list (10)
    on right: 1 3
    on left : 2 3
  element (11)
    on right: 3
    on left : 4 5 6
  header (12)
    on right: 4
    on left : 7 8 9
  paragraph (13)
    on right: 5
    on left : 10
  list (14)
    on right: 6 12
    on left : 11 12
  list_item (15)
    on right: 11 12
    on left : 13

**Terminals, with rules where they appear

  $end (0) 
  error (1) 
  "#" (2) 7
  text (3) 7 8 9
  "##" (4) 8
  "###" (5) 9
  TEXT (6) 10 13
  "-" (7) 13

--------- State ---------

state 0


  $default      reduce using rule 2 (element_list)

  document      go to state 1
  element_list  go to state 2

state 1


  $end          shift, and go to state 3


state 2

   1) document : element_list _
   3) element_list : element_list _ element

  "#"           shift, and go to state 8
  "##"          shift, and go to state 9
  "###"         shift, and go to state 10
  TEXT          shift, and go to state 11
  "-"           shift, and go to state 13
  $default      reduce using rule 1 (document)

  element       go to state 4
  header        go to state 5
  paragraph     go to state 6
  list          go to state 7
  list_item     go to state 12

state 3


  $end          shift, and go to state 14


state 4

   3) element_list : element_list element _

  $default      reduce using rule 3 (element_list)


state 5

   4) element : header _

  $default      reduce using rule 4 (element)


state 6

   5) element : paragraph _

  $default      reduce using rule 5 (element)


state 7

   6) element : list _
  12) list : list _ list_item

  "-"           shift, and go to state 13
  "-"           [reduce using rule 6 (element)]
  $default      reduce using rule 6 (element)

  list_item     go to state 15

state 8

   7) header : "#" _ text

  text          shift, and go to state 16


state 9

   8) header : "##" _ text

  text          shift, and go to state 17


state 10

   9) header : "###" _ text

  text          shift, and go to state 18


state 11

  10) paragraph : TEXT _

  $default      reduce using rule 10 (paragraph)


state 12

  11) list : list_item _

  $default      reduce using rule 11 (list)


state 13

  13) list_item : "-" _ TEXT

  TEXT          shift, and go to state 19


state 14


  $default      accept


state 15

  12) list : list list_item _

  $default      reduce using rule 12 (list)


state 16

   7) header : "#" text _

  $default      reduce using rule 7 (header)


state 17

   8) header : "##" text _

  $default      reduce using rule 8 (header)


state 18

   9) header : "###" text _

  $default      reduce using rule 9 (header)


state 19

  13) list_item : "-" TEXT _

  $default      reduce using rule 13 (list_item)

